  gtest_unittest.cc
gtestd.lib(gtest-all.obj) : error LNK2038: mismatch detected for 'RuntimeLibrary': value 'MDd_DynamicDebug' doesn't match value 'MTd_StaticDebug' in gtest_unittest.obj
gtestd.lib(gtest-all.obj) : warning LNK4075: ignoring '/EDITANDCONTINUE' due to '/SAFESEH' specification
msvcprtd.lib(MSVCP140D.dll) : error LNK2005: "public: __thiscall std::_Lockit::_Lockit(int)" (??0_Lockit@std@@QAE@H@Z) already defined in libcpmtd.lib(xlock.obj)
msvcprtd.lib(MSVCP140D.dll) : error LNK2005: "public: __thiscall std::_Lockit::~_Lockit(void)" (??1_Lockit@std@@QAE@XZ) already defined in libcpmtd.lib(xlock.obj)
msvcprtd.lib(MSVCP140D.dll) : error LNK2005: "public: struct _Cvtvec __thiscall std::_Locinfo::_Getcvt(void)const " (?_Getcvt@_Locinfo@std@@QBE?AU_Cvtvec@@XZ) already defined in libcpmtd.lib(locale.obj)
msvcprtd.lib(MSVCP140D.dll) : error LNK2005: "public: char const * __thiscall std::_Locinfo::_Getdays(void)const " (?_Getdays@_Locinfo@std@@QBEPBDXZ) already defined in libcpmtd.lib(wlocale.obj)
msvcprtd.lib(MSVCP140D.dll) : error LNK2005: "public: char const * __thiscall std::_Locinfo::_Getmonths(void)const " (?_Getmonths@_Locinfo@std@@QBEPBDXZ) already defined in libcpmtd.lib(wlocale.obj)
msvcprtd.lib(MSVCP140D.dll) : error LNK2005: "public: unsigned short const * __thiscall std::_Locinfo::_W_Getdays(void)const " (?_W_Getdays@_Locinfo@std@@QBEPBGXZ) already defined in libcpmtd.lib(wlocale.obj)
msvcprtd.lib(MSVCP140D.dll) : error LNK2005: "public: unsigned short const * __thiscall std::_Locinfo::_W_Getmonths(void)const " (?_W_Getmonths@_Locinfo@std@@QBEPBGXZ) already defined in libcpmtd.lib(wlocale.obj)
msvcprtd.lib(MSVCP140D.dll) : error LNK2005: "public: int __thiscall std::ios_base::flags(void)const " (?flags@ios_base@std@@QBEHXZ) already defined in libcpmtd.lib(locale.obj)
msvcprtd.lib(MSVCP140D.dll) : error LNK2005: "public: int __thiscall std::ios_base::setf(int)" (?setf@ios_base@std@@QAEHH@Z) already defined in libcpmtd.lib(cerr.obj)
msvcprtd.lib(MSVCP140D.dll) : error LNK2005: "public: int __thiscall std::ios_base::setf(int,int)" (?setf@ios_base@std@@QAEHHH@Z) already defined in libcpmtd.lib(iomanip.obj)
msvcprtd.lib(MSVCP140D.dll) : error LNK2005: "public: __int64 __thiscall std::ios_base::width(void)const " (?width@ios_base@std@@QBE_JXZ) already defined in libcpmtd.lib(locale.obj)
msvcprtd.lib(MSVCP140D.dll) : error LNK2005: "public: __int64 __thiscall std::ios_base::width(__int64)" (?width@ios_base@std@@QAE_J_J@Z) already defined in libcpmtd.lib(iomanip.obj)
msvcprtd.lib(MSVCP140D.dll) : error LNK2005: "protected: __thiscall std::basic_streambuf<char,struct std::char_traits<char> >::basic_streambuf<char,struct std::char_traits<char> >(void)" (??0?$basic_streambuf@DU?$char_traits@D@std@@@std@@IAE@XZ) already defined in gtest_unittest.obj
msvcprtd.lib(MSVCP140D.dll) : error LNK2005: "public: virtual __thiscall std::basic_streambuf<char,struct std::char_traits<char> >::~basic_streambuf<char,struct std::char_traits<char> >(void)" (??1?$basic_streambuf@DU?$char_traits@D@std@@@std@@UAE@XZ) already defined in gtest_unittest.obj
msvcprtd.lib(MSVCP140D.dll) : error LNK2005: "public: int __thiscall std::basic_streambuf<char,struct std::char_traits<char> >::sputc(char)" (?sputc@?$basic_streambuf@DU?$char_traits@D@std@@@std@@QAEHD@Z) already defined in gtest_unittest.obj
msvcprtd.lib(MSVCP140D.dll) : error LNK2005: "protected: char * __thiscall std::basic_streambuf<char,struct std::char_traits<char> >::eback(void)const " (?eback@?$basic_streambuf@DU?$char_traits@D@std@@@std@@IBEPADXZ) already defined in libcpmtd.lib(cerr.obj)
msvcprtd.lib(MSVCP140D.dll) : error LNK2005: "protected: char * __thiscall std::basic_streambuf<char,struct std::char_traits<char> >::gptr(void)const " (?gptr@?$basic_streambuf@DU?$char_traits@D@std@@@std@@IBEPADXZ) already defined in libcpmtd.lib(cerr.obj)
msvcprtd.lib(MSVCP140D.dll) : error LNK2005: "protected: char * __thiscall std::basic_streambuf<char,struct std::char_traits<char> >::pptr(void)const " (?pptr@?$basic_streambuf@DU?$char_traits@D@std@@@std@@IBEPADXZ) already defined in libcpmtd.lib(cerr.obj)
msvcprtd.lib(MSVCP140D.dll) : error LNK2005: "protected: char * __thiscall std::basic_streambuf<char,struct std::char_traits<char> >::egptr(void)const " (?egptr@?$basic_streambuf@DU?$char_traits@D@std@@@std@@IBEPADXZ) already defined in libcpmtd.lib(cerr.obj)
msvcprtd.lib(MSVCP140D.dll) : error LNK2005: "protected: void __thiscall std::basic_streambuf<char,struct std::char_traits<char> >::gbump(int)" (?gbump@?$basic_streambuf@DU?$char_traits@D@std@@@std@@IAEXH@Z) already defined in libcpmtd.lib(cerr.obj)
msvcprtd.lib(MSVCP140D.dll) : error LNK2005: "protected: void __thiscall std::basic_streambuf<char,struct std::char_traits<char> >::setg(char *,char *,char *)" (?setg@?$basic_streambuf@DU?$char_traits@D@std@@@std@@IAEXPAD00@Z) already defined in libcpmtd.lib(cerr.obj)
msvcprtd.lib(MSVCP140D.dll) : error LNK2005: "protected: char * __thiscall std::basic_streambuf<char,struct std::char_traits<char> >::epptr(void)const " (?epptr@?$basic_streambuf@DU?$char_traits@D@std@@@std@@IBEPADXZ) already defined in libcpmtd.lib(cerr.obj)
msvcprtd.lib(MSVCP140D.dll) : error LNK2005: "protected: void __thiscall std::basic_streambuf<char,struct std::char_traits<char> >::setp(char *,char *)" (?setp@?$basic_streambuf@DU?$char_traits@D@std@@@std@@IAEXPAD0@Z) already defined in libcpmtd.lib(cerr.obj)
msvcprtd.lib(MSVCP140D.dll) : error LNK2005: "protected: char * __thiscall std::basic_streambuf<char,struct std::char_traits<char> >::_Pninc(void)" (?_Pninc@?$basic_streambuf@DU?$char_traits@D@std@@@std@@IAEPADXZ) already defined in libcpmtd.lib(cerr.obj)
msvcprtd.lib(MSVCP140D.dll) : error LNK2005: "public: virtual __thiscall std::basic_ios<char,struct std::char_traits<char> >::~basic_ios<char,struct std::char_traits<char> >(void)" (??1?$basic_ios@DU?$char_traits@D@std@@@std@@UAE@XZ) already defined in gtest_unittest.obj
msvcprtd.lib(MSVCP140D.dll) : error LNK2005: "public: void __thiscall std::basic_ios<char,struct std::char_traits<char> >::setstate(int,bool)" (?setstate@?$basic_ios@DU?$char_traits@D@std@@@std@@QAEXH_N@Z) already defined in libcpmtd.lib(cerr.obj)
msvcprtd.lib(MSVCP140D.dll) : error LNK2005: "public: char __thiscall std::basic_ios<char,struct std::char_traits<char> >::widen(char)const " (?widen@?$basic_ios@DU?$char_traits@D@std@@@std@@QBEDD@Z) already defined in gtest_unittest.obj
msvcprtd.lib(MSVCP140D.dll) : error LNK2005: "protected: __thiscall std::basic_ios<char,struct std::char_traits<char> >::basic_ios<char,struct std::char_traits<char> >(void)" (??0?$basic_ios@DU?$char_traits@D@std@@@std@@IAE@XZ) already defined in libcpmtd.lib(cerr.obj)
msvcprtd.lib(MSVCP140D.dll) : error LNK2005: "public: void __thiscall std::basic_ostream<char,struct std::char_traits<char> >::_Osfx(void)" (?_Osfx@?$basic_ostream@DU?$char_traits@D@std@@@std@@QAEXXZ) already defined in gtest_unittest.obj
msvcprtd.lib(MSVCP140D.dll) : error LNK2005: "public: class std::basic_ostream<char,struct std::char_traits<char> > & __thiscall std::basic_ostream<char,struct std::char_traits<char> >::operator<<(int)" (??6?$basic_ostream@DU?$char_traits@D@std@@@std@@QAEAAV01@H@Z) already defined in gtest_unittest.obj
msvcprtd.lib(MSVCP140D.dll) : error LNK2005: "public: class std::basic_ostream<char,struct std::char_traits<char> > & __thiscall std::basic_ostream<char,struct std::char_traits<char> >::operator<<(unsigned int)" (??6?$basic_ostream@DU?$char_traits@D@std@@@std@@QAEAAV01@I@Z) already defined in gtest_unittest.obj
msvcprtd.lib(MSVCP140D.dll) : error LNK2005: "public: class std::basic_ostream<char,struct std::char_traits<char> > & __thiscall std::basic_ostream<char,struct std::char_traits<char> >::operator<<(__int64)" (??6?$basic_ostream@DU?$char_traits@D@std@@@std@@QAEAAV01@_J@Z) already defined in gtest_unittest.obj
msvcprtd.lib(MSVCP140D.dll) : error LNK2005: "public: class std::basic_ostream<char,struct std::char_traits<char> > & __thiscall std::basic_ostream<char,struct std::char_traits<char> >::operator<<(float)" (??6?$basic_ostream@DU?$char_traits@D@std@@@std@@QAEAAV01@M@Z) already defined in gtest_unittest.obj
msvcprtd.lib(MSVCP140D.dll) : error LNK2005: "public: class std::basic_ostream<char,struct std::char_traits<char> > & __thiscall std::basic_ostream<char,struct std::char_traits<char> >::operator<<(double)" (??6?$basic_ostream@DU?$char_traits@D@std@@@std@@QAEAAV01@N@Z) already defined in gtest_unittest.obj
msvcprtd.lib(MSVCP140D.dll) : error LNK2005: "public: class std::basic_ostream<char,struct std::char_traits<char> > & __thiscall std::basic_ostream<char,struct std::char_traits<char> >::operator<<(void const *)" (??6?$basic_ostream@DU?$char_traits@D@std@@@std@@QAEAAV01@PBX@Z) already defined in gtest_unittest.obj
msvcprtd.lib(MSVCP140D.dll) : error LNK2005: "public: class std::basic_ostream<char,struct std::char_traits<char> > & __thiscall std::basic_ostream<char,struct std::char_traits<char> >::put(char)" (?put@?$basic_ostream@DU?$char_traits@D@std@@@std@@QAEAAV12@D@Z) already defined in gtest_unittest.obj
msvcprtd.lib(MSVCP140D.dll) : error LNK2005: "public: class std::basic_ostream<char,struct std::char_traits<char> > & __thiscall std::basic_ostream<char,struct std::char_traits<char> >::flush(void)" (?flush@?$basic_ostream@DU?$char_traits@D@std@@@std@@QAEAAV12@XZ) already defined in gtest_unittest.obj
msvcprtd.lib(MSVCP140D.dll) : error LNK2005: "public: __thiscall std::basic_iostream<char,struct std::char_traits<char> >::basic_iostream<char,struct std::char_traits<char> >(class std::basic_streambuf<char,struct std::char_traits<char> > *)" (??0?$basic_iostream@DU?$char_traits@D@std@@@std@@QAE@PAV?$basic_streambuf@DU?$char_traits@D@std@@@1@@Z) already defined in gtest_unittest.obj
msvcprtd.lib(MSVCP140D.dll) : error LNK2005: "public: virtual __thiscall std::basic_iostream<char,struct std::char_traits<char> >::~basic_iostream<char,struct std::char_traits<char> >(void)" (??1?$basic_iostream@DU?$char_traits@D@std@@@std@@UAE@XZ) already defined in gtest_unittest.obj
gtest_maind.lib(gtest_main.obj) : error LNK2038: mismatch detected for 'RuntimeLibrary': value 'MDd_DynamicDebug' doesn't match value 'MTd_StaticDebug' in gtest_unittest.obj
LINK : warning LNK4098: defaultlib 'MSVCRTD' conflicts with use of other libs; use /NODEFAULTLIB:library
gtestd.lib(gtest-all.obj) : warning LNK4217: locally defined symbol __invalid_parameter imported in function "void * __cdecl std::_Allocate_manually_vector_aligned<struct std::_Default_allocate_traits>(unsigned int)" (??$_Allocate_manually_vector_aligned@U_Default_allocate_traits@std@@@std@@YAPAXI@Z)
gtestd.lib(gtest-all.obj) : warning LNK4217: locally defined symbol __CrtSetDbgFlag imported in function "public: __thiscall testing::internal::`anonymous namespace'::MemoryIsNotDeallocated::MemoryIsNotDeallocated(void)" (??0MemoryIsNotDeallocated@?A0x0b275abe@internal@testing@@QAE@XZ)
gtestd.lib(gtest-all.obj) : warning LNK4217: locally defined symbol __calloc_dbg imported in function "char * __cdecl std::_Maklocstr<char>(char const *,char *,struct _Cvtvec const &)" (??$_Maklocstr@D@std@@YAPADPBDPADABU_Cvtvec@@@Z)
gtest_maind.lib(gtest_main.obj) : warning LNK4049: locally defined symbol __calloc_dbg imported
gtestd.lib(gtest-all.obj) : warning LNK4217: locally defined symbol __CrtDbgReport imported in function "void * __cdecl std::_Allocate_manually_vector_aligned<struct std::_Default_allocate_traits>(unsigned int)" (??$_Allocate_manually_vector_aligned@U_Default_allocate_traits@std@@@std@@YAPAXI@Z)
gtestd.lib(gtest-all.obj) : warning LNK4217: locally defined symbol _free imported in function "public: __thiscall testing::internal::RE::~RE(void)" (??1RE@internal@testing@@QAE@XZ)
gtestd.lib(gtest-all.obj) : warning LNK4217: locally defined symbol _malloc imported in function "private: void __thiscall testing::internal::RE::Init(char const *)" (?Init@RE@internal@testing@@AAEXPBD@Z)
gtestd.lib(gtest-all.obj) : warning LNK4217: locally defined symbol __errno imported in function "bool __cdecl testing::internal::ParseNaturalNumber<int>(class std::basic_string<char,struct std::char_traits<char>,class std::allocator<char> > const &,int *)" (??$ParseNaturalNumber@H@internal@testing@@YA_NABV?$basic_string@DU?$char_traits@D@std@@V?$allocator@D@2@@std@@PAH@Z)
gtestd.lib(gtest-all.obj) : warning LNK4217: locally defined symbol _exit imported in function "int __cdecl testing::internal::Int32FromEnvOrDie(char const *,int)" (?Int32FromEnvOrDie@internal@testing@@YAHPBDH@Z)
gtestd.lib(gtest-all.obj) : warning LNK4217: locally defined symbol __exit imported in function "protected: virtual void __thiscall testing::internal::DeathTestImpl::Abort(enum testing::internal::DeathTest::AbortReason)" (?Abort@DeathTestImpl@internal@testing@@MAEXW4AbortReason@DeathTest@23@@Z)
gtestd.lib(gtest-all.obj) : warning LNK4217: locally defined symbol _abort imported in function "void __cdecl testing::internal::posix::Abort(void)" (?Abort@posix@internal@testing@@YAXXZ)
gtestd.lib(gtest-all.obj) : warning LNK4217: locally defined symbol __set_abort_behavior imported in function "public: int __thiscall testing::UnitTest::Run(void)" (?Run@UnitTest@testing@@QAEHXZ)
gtestd.lib(gtest-all.obj) : warning LNK4217: locally defined symbol __set_error_mode imported in function "public: int __thiscall testing::UnitTest::Run(void)" (?Run@UnitTest@testing@@QAEHXZ)
gtestd.lib(gtest-all.obj) : warning LNK4217: locally defined symbol _strtol imported in function "bool __cdecl testing::internal::ParseInt32(class testing::Message const &,char const *,int *)" (?ParseInt32@internal@testing@@YA_NABVMessage@2@PBDPAH@Z)
gtestd.lib(gtest-all.obj) : warning LNK4217: locally defined symbol __strtoui64 imported in function "bool __cdecl testing::internal::ParseNaturalNumber<int>(class std::basic_string<char,struct std::char_traits<char>,class std::allocator<char> > const &,int *)" (??$ParseNaturalNumber@H@internal@testing@@YA_NABV?$basic_string@DU?$char_traits@D@std@@V?$allocator@D@2@@std@@PAH@Z)
gtestd.lib(gtest-all.obj) : warning LNK4217: locally defined symbol _getenv imported in function "char const * __cdecl testing::internal::posix::GetEnv(char const *)" (?GetEnv@posix@internal@testing@@YAPBDPBD@Z)
gtestd.lib(gtest-all.obj) : warning LNK4217: locally defined symbol ___acrt_iob_func imported in function "public: __thiscall testing::internal::GTestLog::~GTestLog(void)" (??1GTestLog@internal@testing@@QAE@XZ)
gtest_maind.lib(gtest_main.obj) : warning LNK4049: locally defined symbol ___acrt_iob_func imported
gtestd.lib(gtest-all.obj) : warning LNK4217: locally defined symbol _wcscmp imported in function "public: static bool __cdecl testing::internal::String::WideCStringEquals(wchar_t const *,wchar_t const *)" (?WideCStringEquals@String@internal@testing@@SA_NPB_W0@Z)
gtestd.lib(gtest-all.obj) : warning LNK4217: locally defined symbol _wcslen imported in function "void __cdecl testing::internal::PrintTo(wchar_t const *,class std::basic_ostream<char,struct std::char_traits<char> > *)" (?PrintTo@internal@testing@@YAXPB_WPAV?$basic_ostream@DU?$char_traits@D@std@@@std@@@Z)
gtest_maind.lib(gtest_main.obj) : warning LNK4049: locally defined symbol _wcslen imported
gtestd.lib(gtest-all.obj) : warning LNK4217: locally defined symbol __wcsicmp imported in function "public: static bool __cdecl testing::internal::String::CaseInsensitiveWideCStringEquals(wchar_t const *,wchar_t const *)" (?CaseInsensitiveWideCStringEquals@String@internal@testing@@SA_NPB_W0@Z)
gtestd.lib(gtest-all.obj) : warning LNK4217: locally defined symbol _fclose imported in function "public: __thiscall testing::internal::ScopedPrematureExitFile::ScopedPrematureExitFile(char const *)" (??0ScopedPrematureExitFile@internal@testing@@QAE@PBD@Z)
gtestd.lib(gtest-all.obj) : warning LNK4217: locally defined symbol _fflush imported in function "public: __thiscall testing::internal::CapturedStream::CapturedStream(int)" (??0CapturedStream@internal@testing@@QAE@H@Z)
gtestd.lib(gtest-all.obj) : warning LNK4217: locally defined symbol __fileno imported in function "int __cdecl testing::internal::posix::FileNo(struct _iobuf *)" (?FileNo@posix@internal@testing@@YAHPAU_iobuf@@@Z)
gtestd.lib(gtest-all.obj) : warning LNK4217: locally defined symbol _fopen imported in function "struct _iobuf * __cdecl testing::internal::posix::FOpen(char const *,char const *)" (?FOpen@posix@internal@testing@@YAPAU_iobuf@@PBD0@Z)
gtestd.lib(gtest-all.obj) : warning LNK4217: locally defined symbol _fputc imported in function "void __cdecl testing::internal::DeathTestAbort(class std::basic_string<char,struct std::char_traits<char>,class std::allocator<char> > const &)" (?DeathTestAbort@internal@testing@@YAXABV?$basic_string@DU?$char_traits@D@std@@V?$allocator@D@2@@std@@@Z)
gtestd.lib(gtest-all.obj) : warning LNK4217: locally defined symbol _fread imported in function "class std::basic_string<char,struct std::char_traits<char>,class std::allocator<char> > __cdecl testing::internal::ReadEntireFile(struct _iobuf *)" (?ReadEntireFile@internal@testing@@YA?AV?$basic_string@DU?$char_traits@D@std@@V?$allocator@D@2@@std@@PAU_iobuf@@@Z)
gtestd.lib(gtest-all.obj) : warning LNK4217: locally defined symbol _fseek imported in function "unsigned int __cdecl testing::internal::GetFileSize(struct _iobuf *)" (?GetFileSize@internal@testing@@YAIPAU_iobuf@@@Z)
gtestd.lib(gtest-all.obj) : warning LNK4217: locally defined symbol _ftell imported in function "unsigned int __cdecl testing::internal::GetFileSize(struct _iobuf *)" (?GetFileSize@internal@testing@@YAIPAU_iobuf@@@Z)
gtestd.lib(gtest-all.obj) : warning LNK4217: locally defined symbol _fwrite imported in function "public: __thiscall testing::internal::ScopedPrematureExitFile::ScopedPrematureExitFile(char const *)" (??0ScopedPrematureExitFile@internal@testing@@QAE@PBD@Z)
gtestd.lib(gtest-all.obj) : warning LNK4217: locally defined symbol ___stdio_common_vfprintf imported in function __vfprintf_l
gtest_maind.lib(gtest_main.obj) : warning LNK4049: locally defined symbol ___stdio_common_vfprintf imported
gtestd.lib(gtest-all.obj) : warning LNK4217: locally defined symbol ___stdio_common_vsnprintf_s imported in function __vsnprintf_s_l
gtestd.lib(gtest-all.obj) : warning LNK4217: locally defined symbol __strdup imported in function "char * __cdecl testing::internal::posix::StrDup(char const *)" (?StrDup@posix@internal@testing@@YAPADPBD@Z)
gtestd.lib(gtest-all.obj) : warning LNK4217: locally defined symbol _strncmp imported in function "char const * __cdecl testing::internal::ParseFlagValue(char const *,char const *,bool)" (?ParseFlagValue@internal@testing@@YAPBDPBD0_N@Z)
gtestd.lib(gtest-all.obj) : warning LNK4217: locally defined symbol _isdigit imported in function "bool __cdecl testing::internal::IsDigit(char)" (?IsDigit@internal@testing@@YA_ND@Z)
gtestd.lib(gtest-all.obj) : warning LNK4217: locally defined symbol _isxdigit imported in function "bool __cdecl testing::internal::IsXDigit(char)" (?IsXDigit@internal@testing@@YA_ND@Z)
gtestd.lib(gtest-all.obj) : warning LNK4217: locally defined symbol _isspace imported in function "bool __cdecl testing::internal::IsSpace(char)" (?IsSpace@internal@testing@@YA_ND@Z)
gtestd.lib(gtest-all.obj) : warning LNK4217: locally defined symbol _iscntrl imported in function "bool __cdecl testing::internal::`anonymous namespace'::ContainsUnprintableControlCodes(char const *,unsigned int)" (?ContainsUnprintableControlCodes@?A0x0b275abe@internal@testing@@YA_NPBDI@Z)
gtestd.lib(gtest-all.obj) : warning LNK4217: locally defined symbol _toupper imported in function "char __cdecl testing::internal::ToUpper(char)" (?ToUpper@internal@testing@@YADD@Z)
gtestd.lib(gtest-all.obj) : warning LNK4217: locally defined symbol __isatty imported in function "int __cdecl testing::internal::posix::IsATTY(int)" (?IsATTY@posix@internal@testing@@YAHH@Z)
gtestd.lib(gtest-all.obj) : warning LNK4217: locally defined symbol __open_osfhandle imported in function "public: virtual enum testing::internal::DeathTest::TestRole __thiscall testing::internal::WindowsDeathTest::AssumeRole(void)" (?AssumeRole@WindowsDeathTest@internal@testing@@UAE?AW4TestRole@DeathTest@23@XZ)
gtestd.lib(gtest-all.obj) : warning LNK4217: locally defined symbol __wassert imported in function "public: __thiscall testing::internal::linked_ptr<class testing::internal::ThreadLocalValueHolderBase>::linked_ptr<class testing::internal::ThreadLocalValueHolderBase>(class testing::internal::linked_ptr<class testing::internal::ThreadLocalValueHolderBase> const &)" (??0?$linked_ptr@VThreadLocalValueHolderBase@internal@testing@@@internal@testing@@QAE@ABV012@@Z)
OLDNAMES.lib(close.obi) : warning LNK4049: locally defined symbol __close imported
OLDNAMES.lib(read.obi) : warning LNK4049: locally defined symbol __read imported
OLDNAMES.lib(write.obi) : warning LNK4049: locally defined symbol __write imported
gtestd.lib(gtest-all.obj) : error LNK2019: unresolved external symbol __imp___stat64i32 referenced in function "int __cdecl testing::internal::posix::Stat(char const *,struct _stat64i32 *)" (?Stat@posix@internal@testing@@YAHPBDPAU_stat64i32@@@Z)
gtestd.lib(gtest-all.obj) : error LNK2019: unresolved external symbol __imp__remove referenced in function "public: __thiscall testing::internal::CapturedStream::~CapturedStream(void)" (??1CapturedStream@internal@testing@@QAE@XZ)
gtestd.lib(gtest-all.obj) : error LNK2019: unresolved external symbol __imp__fdopen referenced in function "struct _iobuf * __cdecl testing::internal::posix::FDOpen(int,char const *)" (?FDOpen@posix@internal@testing@@YAPAU_iobuf@@HPBD@Z)
OLDNAMES.lib(fdopen.obi) : error LNK2001: unresolved external symbol __imp__fdopen
gtestd.lib(gtest-all.obj) : error LNK2019: unresolved external symbol __imp__strerror referenced in function "char const * __cdecl testing::internal::posix::StrError(int)" (?StrError@posix@internal@testing@@YAPBDH@Z)
gtestd.lib(gtest-all.obj) : error LNK2019: unresolved external symbol __imp___stricmp referenced in function "int __cdecl testing::internal::posix::StrCaseCmp(char const *,char const *)" (?StrCaseCmp@posix@internal@testing@@YAHPBD0@Z)
gtestd.lib(gtest-all.obj) : error LNK2019: unresolved external symbol __imp___getcwd referenced in function "public: static class testing::internal::FilePath __cdecl testing::internal::FilePath::GetCurrentDir(void)" (?GetCurrentDir@FilePath@internal@testing@@SA?AV123@XZ)
gtestd.lib(gtest-all.obj) : error LNK2019: unresolved external symbol __imp___mkdir referenced in function "public: bool __thiscall testing::internal::FilePath::CreateFolder(void)const " (?CreateFolder@FilePath@internal@testing@@QBE_NXZ)
gtestd.lib(gtest-all.obj) : error LNK2019: unresolved external symbol __imp__close referenced in function "public: __thiscall testing::internal::CapturedStream::CapturedStream(int)" (??0CapturedStream@internal@testing@@QAE@H@Z)
OLDNAMES.lib(close.obi) : error LNK2001: unresolved external symbol __imp__close
gtestd.lib(gtest-all.obj) : error LNK2019: unresolved external symbol __imp__creat referenced in function "public: __thiscall testing::internal::CapturedStream::CapturedStream(int)" (??0CapturedStream@internal@testing@@QAE@H@Z)
OLDNAMES.lib(creat.obi) : error LNK2001: unresolved external symbol __imp__creat
gtestd.lib(gtest-all.obj) : error LNK2019: unresolved external symbol __imp__dup referenced in function "public: __thiscall testing::internal::CapturedStream::CapturedStream(int)" (??0CapturedStream@internal@testing@@QAE@H@Z)
OLDNAMES.lib(dup.obi) : error LNK2001: unresolved external symbol __imp__dup
gtestd.lib(gtest-all.obj) : error LNK2019: unresolved external symbol __imp__dup2 referenced in function "public: __thiscall testing::internal::CapturedStream::CapturedStream(int)" (??0CapturedStream@internal@testing@@QAE@H@Z)
OLDNAMES.lib(dup2.obi) : error LNK2001: unresolved external symbol __imp__dup2
gtestd.lib(gtest-all.obj) : error LNK2019: unresolved external symbol __imp__read referenced in function "int __cdecl testing::internal::posix::Read(int,void *,unsigned int)" (?Read@posix@internal@testing@@YAHHPAXI@Z)
OLDNAMES.lib(read.obi) : error LNK2001: unresolved external symbol __imp__read
gtestd.lib(gtest-all.obj) : error LNK2019: unresolved external symbol __imp__write referenced in function "int __cdecl testing::internal::posix::Write(int,void const *,unsigned int)" (?Write@posix@internal@testing@@YAHHPBXI@Z)
OLDNAMES.lib(write.obi) : error LNK2001: unresolved external symbol __imp__write
gtestd.lib(gtest-all.obj) : error LNK2019: unresolved external symbol __imp___localtime64_s referenced in function _localtime_s
gtestd.lib(gtest-all.obj) : error LNK2019: unresolved external symbol __imp___ftime64 referenced in function "__int64 __cdecl testing::internal::GetTimeInMillis(void)" (?GetTimeInMillis@internal@testing@@YA_JXZ)
OLDNAMES.lib(fdopen.obi) : error LNK2001: unresolved external symbol __imp___fdopen
OLDNAMES.lib(creat.obi) : error LNK2001: unresolved external symbol __imp___creat
OLDNAMES.lib(dup.obi) : error LNK2001: unresolved external symbol __imp___dup
OLDNAMES.lib(dup2.obi) : error LNK2001: unresolved external symbol __imp___dup2
MSVCRTD.lib(_chandler4gs_.obj) : error LNK2019: unresolved external symbol __except_handler4_common referenced in function __except_handler4
C:\Development\googletest\msvc\2017\gtest\Win32-Debug\gtest_unittest.exe : fatal error LNK1120: 20 unresolved externals
