  gtest_prod_test.cc
  production.cc
  Generating Code...
gtest.lib(gtest-all.obj) : error LNK2038: mismatch detected for 'RuntimeLibrary': value 'MD_DynamicRelease' doesn't match value 'MT_StaticRelease' in gtest_prod_test.obj
msvcprt.lib(MSVCP140.dll) : error LNK2005: "public: struct _Cvtvec __thiscall std::_Locinfo::_Getcvt(void)const " (?_Getcvt@_Locinfo@std@@QBE?AU_Cvtvec@@XZ) already defined in libcpmt.lib(locale.obj)
msvcprt.lib(MSVCP140.dll) : error LNK2005: "public: unsigned short const * __thiscall std::_Locinfo::_W_Getdays(void)const " (?_W_Getdays@_Locinfo@std@@QBEPBGXZ) already defined in libcpmt.lib(wlocale.obj)
msvcprt.lib(MSVCP140.dll) : error LNK2005: "public: unsigned short const * __thiscall std::_Locinfo::_W_Getmonths(void)const " (?_W_Getmonths@_Locinfo@std@@QBEPBGXZ) already defined in libcpmt.lib(wlocale.obj)
msvcprt.lib(MSVCP140.dll) : error LNK2005: "public: virtual __thiscall std::basic_streambuf<char,struct std::char_traits<char> >::~basic_streambuf<char,struct std::char_traits<char> >(void)" (??1?$basic_streambuf@DU?$char_traits@D@std@@@std@@UAE@XZ) already defined in gtest_prod_test.obj
msvcprt.lib(MSVCP140.dll) : error LNK2005: "public: int __thiscall std::basic_streambuf<char,struct std::char_traits<char> >::sputc(char)" (?sputc@?$basic_streambuf@DU?$char_traits@D@std@@@std@@QAEHD@Z) already defined in libcpmt.lib(locale.obj)
msvcprt.lib(MSVCP140.dll) : error LNK2005: "protected: char * __thiscall std::basic_streambuf<char,struct std::char_traits<char> >::_Pninc(void)" (?_Pninc@?$basic_streambuf@DU?$char_traits@D@std@@@std@@IAEPADXZ) already defined in libcpmt.lib(locale.obj)
msvcprt.lib(MSVCP140.dll) : error LNK2005: "public: virtual __thiscall std::basic_ios<char,struct std::char_traits<char> >::~basic_ios<char,struct std::char_traits<char> >(void)" (??1?$basic_ios@DU?$char_traits@D@std@@@std@@UAE@XZ) already defined in gtest_prod_test.obj
msvcprt.lib(MSVCP140.dll) : error LNK2005: "public: void __thiscall std::basic_ios<char,struct std::char_traits<char> >::setstate(int,bool)" (?setstate@?$basic_ios@DU?$char_traits@D@std@@@std@@QAEXH_N@Z) already defined in gtest_prod_test.obj
msvcprt.lib(MSVCP140.dll) : error LNK2005: "public: char __thiscall std::basic_ios<char,struct std::char_traits<char> >::widen(char)const " (?widen@?$basic_ios@DU?$char_traits@D@std@@@std@@QBEDD@Z) already defined in gtest_prod_test.obj
msvcprt.lib(MSVCP140.dll) : error LNK2005: "public: void __thiscall std::basic_ostream<char,struct std::char_traits<char> >::_Osfx(void)" (?_Osfx@?$basic_ostream@DU?$char_traits@D@std@@@std@@QAEXXZ) already defined in gtest_prod_test.obj
msvcprt.lib(MSVCP140.dll) : error LNK2005: "public: class std::basic_ostream<char,struct std::char_traits<char> > & __thiscall std::basic_ostream<char,struct std::char_traits<char> >::operator<<(int)" (??6?$basic_ostream@DU?$char_traits@D@std@@@std@@QAEAAV01@H@Z) already defined in gtest_prod_test.obj
msvcprt.lib(MSVCP140.dll) : error LNK2005: "public: class std::basic_ostream<char,struct std::char_traits<char> > & __thiscall std::basic_ostream<char,struct std::char_traits<char> >::flush(void)" (?flush@?$basic_ostream@DU?$char_traits@D@std@@@std@@QAEAAV12@XZ) already defined in gtest_prod_test.obj
msvcprt.lib(MSVCP140.dll) : error LNK2005: "public: __thiscall std::basic_iostream<char,struct std::char_traits<char> >::basic_iostream<char,struct std::char_traits<char> >(class std::basic_streambuf<char,struct std::char_traits<char> > *)" (??0?$basic_iostream@DU?$char_traits@D@std@@@std@@QAE@PAV?$basic_streambuf@DU?$char_traits@D@std@@@1@@Z) already defined in gtest_prod_test.obj
msvcprt.lib(MSVCP140.dll) : error LNK2005: "public: virtual __thiscall std::basic_iostream<char,struct std::char_traits<char> >::~basic_iostream<char,struct std::char_traits<char> >(void)" (??1?$basic_iostream@DU?$char_traits@D@std@@@std@@UAE@XZ) already defined in gtest_prod_test.obj
gtest_main.lib(gtest_main.obj) : error LNK2038: mismatch detected for 'RuntimeLibrary': value 'MD_DynamicRelease' doesn't match value 'MT_StaticRelease' in gtest_prod_test.obj
LINK : warning LNK4098: defaultlib 'MSVCRT' conflicts with use of other libs; use /NODEFAULTLIB:library
gtest.lib(gtest-all.obj) : warning LNK4217: locally defined symbol __invalid_parameter_noinfo_noreturn imported in function "public: class testing::AssertionResult & __thiscall testing::AssertionResult::operator<<<wchar_t const *>(wchar_t const * const &)" (??$?6PB_W@AssertionResult@testing@@QAEAAV01@ABQB_W@Z)
gtest.lib(gtest-all.obj) : warning LNK4217: locally defined symbol _calloc imported in function "wchar_t * __cdecl std::_Maklocwcs(wchar_t const *)" (?_Maklocwcs@std@@YAPA_WPB_W@Z)
gtest_main.lib(gtest_main.obj) : warning LNK4049: locally defined symbol _calloc imported
gtest.lib(gtest-all.obj) : warning LNK4217: locally defined symbol _free imported in function "public: __thiscall testing::internal::RE::~RE(void)" (??1RE@internal@testing@@QAE@XZ)
gtest.lib(gtest-all.obj) : warning LNK4217: locally defined symbol _malloc imported in function "private: void __thiscall testing::internal::RE::Init(char const *)" (?Init@RE@internal@testing@@AAEXPBD@Z)
gtest.lib(gtest-all.obj) : warning LNK4217: locally defined symbol __errno imported in function "bool __cdecl testing::internal::ParseNaturalNumber<int>(class std::basic_string<char,struct std::char_traits<char>,class std::allocator<char> > const &,int *)" (??$ParseNaturalNumber@H@internal@testing@@YA_NABV?$basic_string@DU?$char_traits@D@std@@V?$allocator@D@2@@std@@PAH@Z)
gtest.lib(gtest-all.obj) : warning LNK4217: locally defined symbol _exit imported in function "int __cdecl testing::internal::Int32FromEnvOrDie(char const *,int)" (?Int32FromEnvOrDie@internal@testing@@YAHPBDH@Z)
gtest.lib(gtest-all.obj) : warning LNK4217: locally defined symbol __exit imported in function "protected: virtual void __thiscall testing::internal::DeathTestImpl::Abort(enum testing::internal::DeathTest::AbortReason)" (?Abort@DeathTestImpl@internal@testing@@MAEXW4AbortReason@DeathTest@23@@Z)
gtest.lib(gtest-all.obj) : warning LNK4217: locally defined symbol _abort imported in function "void __cdecl testing::internal::posix::Abort(void)" (?Abort@posix@internal@testing@@YAXXZ)
gtest.lib(gtest-all.obj) : warning LNK4217: locally defined symbol __set_abort_behavior imported in function "public: int __thiscall testing::UnitTest::Run(void)" (?Run@UnitTest@testing@@QAEHXZ)
gtest.lib(gtest-all.obj) : warning LNK4217: locally defined symbol __set_error_mode imported in function "public: int __thiscall testing::UnitTest::Run(void)" (?Run@UnitTest@testing@@QAEHXZ)
gtest.lib(gtest-all.obj) : warning LNK4217: locally defined symbol _strtol imported in function "bool __cdecl testing::internal::ParseInt32(class testing::Message const &,char const *,int *)" (?ParseInt32@internal@testing@@YA_NABVMessage@2@PBDPAH@Z)
gtest.lib(gtest-all.obj) : warning LNK4217: locally defined symbol __strtoui64 imported in function "bool __cdecl testing::internal::ParseNaturalNumber<int>(class std::basic_string<char,struct std::char_traits<char>,class std::allocator<char> > const &,int *)" (??$ParseNaturalNumber@H@internal@testing@@YA_NABV?$basic_string@DU?$char_traits@D@std@@V?$allocator@D@2@@std@@PAH@Z)
gtest.lib(gtest-all.obj) : warning LNK4217: locally defined symbol _getenv imported in function "void __cdecl testing::`dynamic initializer for 'FLAGS_gtest_filter''(void)" (??__EFLAGS_gtest_filter@testing@@YAXXZ)
gtest.lib(gtest-all.obj) : warning LNK4217: locally defined symbol ___acrt_iob_func imported in function "void __cdecl testing::internal::ShuffleRange<int>(class testing::internal::Random *,int,int,class std::vector<int,class std::allocator<int> > *)" (??$ShuffleRange@H@internal@testing@@YAXPAVRandom@01@HHPAV?$vector@HV?$allocator@H@std@@@std@@@Z)
gtest_main.lib(gtest_main.obj) : warning LNK4049: locally defined symbol ___acrt_iob_func imported
gtest.lib(gtest-all.obj) : warning LNK4217: locally defined symbol __wcsicmp imported in function "public: static bool __cdecl testing::internal::String::CaseInsensitiveWideCStringEquals(wchar_t const *,wchar_t const *)" (?CaseInsensitiveWideCStringEquals@String@internal@testing@@SA_NPB_W0@Z)
gtest.lib(gtest-all.obj) : warning LNK4217: locally defined symbol _fclose imported in function "class std::basic_string<char,struct std::char_traits<char>,class std::allocator<char> > __cdecl testing::internal::GetCapturedStream(class testing::internal::CapturedStream * *)" (?GetCapturedStream@internal@testing@@YA?AV?$basic_string@DU?$char_traits@D@std@@V?$allocator@D@2@@std@@PAPAVCapturedStream@12@@Z)
gtest.lib(gtest-all.obj) : warning LNK4217: locally defined symbol _fflush imported in function "void __cdecl testing::internal::ShuffleRange<int>(class testing::internal::Random *,int,int,class std::vector<int,class std::allocator<int> > *)" (??$ShuffleRange@H@internal@testing@@YAXPAVRandom@01@HHPAV?$vector@HV?$allocator@H@std@@@std@@@Z)
gtest.lib(gtest-all.obj) : warning LNK4217: locally defined symbol __fileno imported in function "void __cdecl testing::internal::ColoredPrintf(enum testing::internal::GTestColor,char const *,...)" (?ColoredPrintf@internal@testing@@YAXW4GTestColor@12@PBDZZ)
gtest.lib(gtest-all.obj) : warning LNK4217: locally defined symbol _fputc imported in function "void __cdecl testing::internal::DeathTestAbort(class std::basic_string<char,struct std::char_traits<char>,class std::allocator<char> > const &)" (?DeathTestAbort@internal@testing@@YAXABV?$basic_string@DU?$char_traits@D@std@@V?$allocator@D@2@@std@@@Z)
gtest.lib(gtest-all.obj) : warning LNK4217: locally defined symbol ___stdio_common_vfprintf imported in function "void __cdecl testing::internal::ColoredPrintf(enum testing::internal::GTestColor,char const *,...)" (?ColoredPrintf@internal@testing@@YAXW4GTestColor@12@PBDZZ)
gtest_main.lib(gtest_main.obj) : warning LNK4049: locally defined symbol ___stdio_common_vfprintf imported
gtest.lib(gtest-all.obj) : warning LNK4217: locally defined symbol ___stdio_common_vsnprintf_s imported in function __snprintf_s
gtest.lib(gtest-all.obj) : warning LNK4217: locally defined symbol _strncmp imported in function "bool __cdecl testing::internal::HasGoogleTestFlagPrefix(char const *)" (?HasGoogleTestFlagPrefix@internal@testing@@YA_NPBD@Z)
gtest.lib(gtest-all.obj) : warning LNK4217: locally defined symbol _isdigit imported in function "bool __cdecl testing::internal::ParseNaturalNumber<int>(class std::basic_string<char,struct std::char_traits<char>,class std::allocator<char> > const &,int *)" (??$ParseNaturalNumber@H@internal@testing@@YA_NABV?$basic_string@DU?$char_traits@D@std@@V?$allocator@D@2@@std@@PAH@Z)
gtest.lib(gtest-all.obj) : warning LNK4217: locally defined symbol _isxdigit imported in function "enum testing::internal::CharFormat __cdecl testing::internal::PrintCharsAsStringTo<char>(char const *,unsigned int,class std::basic_ostream<char,struct std::char_traits<char> > *)" (??$PrintCharsAsStringTo@D@internal@testing@@YA?AW4CharFormat@01@PBDIPAV?$basic_ostream@DU?$char_traits@D@std@@@std@@@Z)
gtest.lib(gtest-all.obj) : warning LNK4217: locally defined symbol _isspace imported in function "class testing::AssertionResult __cdecl testing::internal::`anonymous namespace'::HRESULTFailureHelper(char const *,char const *,long)" (?HRESULTFailureHelper@?A0x0b275abe@internal@testing@@YA?AVAssertionResult@3@PBD0J@Z)
gtest.lib(gtest-all.obj) : warning LNK4217: locally defined symbol _iscntrl imported in function "void __cdecl testing::internal::`anonymous namespace'::ConditionalPrintAsText(char const *,unsigned int,class std::basic_ostream<char,struct std::char_traits<char> > *)" (?ConditionalPrintAsText@?A0x0b275abe@internal@testing@@YAXPBDIPAV?$basic_ostream@DU?$char_traits@D@std@@@std@@@Z)
gtest.lib(gtest-all.obj) : warning LNK4217: locally defined symbol _toupper imported in function "class std::basic_string<char,struct std::char_traits<char>,class std::allocator<char> > __cdecl testing::internal::FlagToEnvVar(char const *)" (?FlagToEnvVar@internal@testing@@YA?AV?$basic_string@DU?$char_traits@D@std@@V?$allocator@D@2@@std@@PBD@Z)
gtest.lib(gtest-all.obj) : warning LNK4217: locally defined symbol __isatty imported in function "void __cdecl testing::internal::ColoredPrintf(enum testing::internal::GTestColor,char const *,...)" (?ColoredPrintf@internal@testing@@YAXW4GTestColor@12@PBDZZ)
gtest.lib(gtest-all.obj) : warning LNK4217: locally defined symbol __open_osfhandle imported in function "public: virtual enum testing::internal::DeathTest::TestRole __thiscall testing::internal::WindowsDeathTest::AssumeRole(void)" (?AssumeRole@WindowsDeathTest@internal@testing@@UAE?AW4TestRole@DeathTest@23@XZ)
OLDNAMES.lib(close.obi) : warning LNK4049: locally defined symbol __close imported
OLDNAMES.lib(write.obi) : warning LNK4049: locally defined symbol __write imported
gtest.lib(gtest-all.obj) : error LNK2019: unresolved external symbol __imp___stat64i32 referenced in function "public: bool __thiscall testing::internal::FilePath::DirectoryExists(void)const " (?DirectoryExists@FilePath@internal@testing@@QBE_NXZ)
gtest.lib(gtest-all.obj) : error LNK2019: unresolved external symbol __imp__fopen referenced in function "class std::basic_string<char,struct std::char_traits<char>,class std::allocator<char> > __cdecl testing::internal::GetCapturedStream(class testing::internal::CapturedStream * *)" (?GetCapturedStream@internal@testing@@YA?AV?$basic_string@DU?$char_traits@D@std@@V?$allocator@D@2@@std@@PAPAVCapturedStream@12@@Z)
gtest.lib(gtest-all.obj) : error LNK2019: unresolved external symbol __imp__fread referenced in function "class std::basic_string<char,struct std::char_traits<char>,class std::allocator<char> > __cdecl testing::internal::ReadEntireFile(struct _iobuf *)" (?ReadEntireFile@internal@testing@@YA?AV?$basic_string@DU?$char_traits@D@std@@V?$allocator@D@2@@std@@PAU_iobuf@@@Z)
gtest.lib(gtest-all.obj) : error LNK2019: unresolved external symbol __imp__fseek referenced in function "unsigned int __cdecl testing::internal::GetFileSize(struct _iobuf *)" (?GetFileSize@internal@testing@@YAIPAU_iobuf@@@Z)
gtest.lib(gtest-all.obj) : error LNK2019: unresolved external symbol __imp__ftell referenced in function "unsigned int __cdecl testing::internal::GetFileSize(struct _iobuf *)" (?GetFileSize@internal@testing@@YAIPAU_iobuf@@@Z)
gtest.lib(gtest-all.obj) : error LNK2019: unresolved external symbol __imp__fwrite referenced in function "public: int __thiscall testing::UnitTest::Run(void)" (?Run@UnitTest@testing@@QAEHXZ)
gtest.lib(gtest-all.obj) : error LNK2019: unresolved external symbol __imp__remove referenced in function "public: __thiscall testing::internal::ScopedPrematureExitFile::~ScopedPrematureExitFile(void)" (??1ScopedPrematureExitFile@internal@testing@@QAE@XZ)
gtest.lib(gtest-all.obj) : error LNK2019: unresolved external symbol __imp__fdopen referenced in function "struct _iobuf * __cdecl testing::internal::posix::FDOpen(int,char const *)" (?FDOpen@posix@internal@testing@@YAPAU_iobuf@@HPBD@Z)
OLDNAMES.lib(fdopen.obi) : error LNK2001: unresolved external symbol __imp__fdopen
gtest.lib(gtest-all.obj) : error LNK2019: unresolved external symbol __imp___strdup referenced in function "private: void __thiscall testing::internal::RE::Init(char const *)" (?Init@RE@internal@testing@@AAEXPBD@Z)
gtest.lib(gtest-all.obj) : error LNK2019: unresolved external symbol __imp__strerror referenced in function "class std::basic_string<char,struct std::char_traits<char>,class std::allocator<char> > __cdecl testing::internal::GetLastErrnoDescription(void)" (?GetLastErrnoDescription@internal@testing@@YA?AV?$basic_string@DU?$char_traits@D@std@@V?$allocator@D@2@@std@@XZ)
gtest.lib(gtest-all.obj) : error LNK2019: unresolved external symbol __imp___stricmp referenced in function "public: static bool __cdecl testing::internal::String::CaseInsensitiveCStringEquals(char const *,char const *)" (?CaseInsensitiveCStringEquals@String@internal@testing@@SA_NPBD0@Z)
gtest.lib(gtest-all.obj) : error LNK2019: unresolved external symbol __imp___getcwd referenced in function "public: void __thiscall testing::internal::UnitTestImpl::AddTestInfo(void (__cdecl*)(void),void (__cdecl*)(void),class testing::TestInfo *)" (?AddTestInfo@UnitTestImpl@internal@testing@@QAEXP6AXXZ0PAVTestInfo@3@@Z)
gtest.lib(gtest-all.obj) : error LNK2019: unresolved external symbol __imp___mkdir referenced in function "public: bool __thiscall testing::internal::FilePath::CreateDirectoriesRecursively(void)const " (?CreateDirectoriesRecursively@FilePath@internal@testing@@QBE_NXZ)
gtest.lib(gtest-all.obj) : error LNK2019: unresolved external symbol __imp__close referenced in function "public: __thiscall testing::internal::CapturedStream::CapturedStream(int)" (??0CapturedStream@internal@testing@@QAE@H@Z)
OLDNAMES.lib(close.obi) : error LNK2001: unresolved external symbol __imp__close
gtest.lib(gtest-all.obj) : error LNK2019: unresolved external symbol __imp__creat referenced in function "public: __thiscall testing::internal::CapturedStream::CapturedStream(int)" (??0CapturedStream@internal@testing@@QAE@H@Z)
OLDNAMES.lib(creat.obi) : error LNK2001: unresolved external symbol __imp__creat
gtest.lib(gtest-all.obj) : error LNK2019: unresolved external symbol __imp__dup referenced in function "public: __thiscall testing::internal::CapturedStream::CapturedStream(int)" (??0CapturedStream@internal@testing@@QAE@H@Z)
OLDNAMES.lib(dup.obi) : error LNK2001: unresolved external symbol __imp__dup
gtest.lib(gtest-all.obj) : error LNK2019: unresolved external symbol __imp__dup2 referenced in function "public: __thiscall testing::internal::CapturedStream::CapturedStream(int)" (??0CapturedStream@internal@testing@@QAE@H@Z)
OLDNAMES.lib(dup2.obi) : error LNK2001: unresolved external symbol __imp__dup2
gtest.lib(gtest-all.obj) : error LNK2019: unresolved external symbol __imp__read referenced in function "void __cdecl testing::internal::FailFromInternalError(int)" (?FailFromInternalError@internal@testing@@YAXH@Z)
OLDNAMES.lib(read.obi) : error LNK2001: unresolved external symbol __imp__read
gtest.lib(gtest-all.obj) : error LNK2019: unresolved external symbol __imp__write referenced in function "protected: virtual void __thiscall testing::internal::DeathTestImpl::Abort(enum testing::internal::DeathTest::AbortReason)" (?Abort@DeathTestImpl@internal@testing@@MAEXW4AbortReason@DeathTest@23@@Z)
OLDNAMES.lib(write.obi) : error LNK2001: unresolved external symbol __imp__write
gtest.lib(gtest-all.obj) : error LNK2019: unresolved external symbol __imp___localtime64_s referenced in function "class std::basic_string<char,struct std::char_traits<char>,class std::allocator<char> > __cdecl testing::internal::FormatEpochTimeInMillisAsIso8601(__int64)" (?FormatEpochTimeInMillisAsIso8601@internal@testing@@YA?AV?$basic_string@DU?$char_traits@D@std@@V?$allocator@D@2@@std@@_J@Z)
gtest.lib(gtest-all.obj) : error LNK2019: unresolved external symbol __imp___ftime64 referenced in function "__int64 __cdecl testing::internal::GetTimeInMillis(void)" (?GetTimeInMillis@internal@testing@@YA_JXZ)
OLDNAMES.lib(fdopen.obi) : error LNK2001: unresolved external symbol __imp___fdopen
OLDNAMES.lib(creat.obi) : error LNK2001: unresolved external symbol __imp___creat
OLDNAMES.lib(dup.obi) : error LNK2001: unresolved external symbol __imp___dup
OLDNAMES.lib(dup2.obi) : error LNK2001: unresolved external symbol __imp___dup2
OLDNAMES.lib(read.obi) : error LNK2001: unresolved external symbol __imp___read
MSVCRT.lib(_chandler4gs_.obj) : error LNK2019: unresolved external symbol __except_handler4_common referenced in function __except_handler4
C:\Development\googletest\msvc\2017\gtest\Win32-Release\gtest_prod_test.exe : fatal error LNK1120: 27 unresolved externals
