  gtest_prod_test.cc
  production.cc
  Generating Code...
gtest.lib(gtest-all.obj) : error LNK2038: mismatch detected for 'RuntimeLibrary': value 'MD_DynamicRelease' doesn't match value 'MT_StaticRelease' in gtest_prod_test.obj
msvcprt.lib(MSVCP140.dll) : error LNK2005: "public: struct _Cvtvec __cdecl std::_Locinfo::_Getcvt(void)const " (?_Getcvt@_Locinfo@std@@QEBA?AU_Cvtvec@@XZ) already defined in libcpmt.lib(locale.obj)
msvcprt.lib(MSVCP140.dll) : error LNK2005: "public: unsigned short const * __cdecl std::_Locinfo::_W_Getdays(void)const " (?_W_Getdays@_Locinfo@std@@QEBAPEBGXZ) already defined in libcpmt.lib(wlocale.obj)
msvcprt.lib(MSVCP140.dll) : error LNK2005: "public: unsigned short const * __cdecl std::_Locinfo::_W_Getmonths(void)const " (?_W_Getmonths@_Locinfo@std@@QEBAPEBGXZ) already defined in libcpmt.lib(wlocale.obj)
msvcprt.lib(MSVCP140.dll) : error LNK2005: "public: virtual __cdecl std::basic_streambuf<char,struct std::char_traits<char> >::~basic_streambuf<char,struct std::char_traits<char> >(void)" (??1?$basic_streambuf@DU?$char_traits@D@std@@@std@@UEAA@XZ) already defined in gtest_prod_test.obj
msvcprt.lib(MSVCP140.dll) : error LNK2005: "public: int __cdecl std::basic_streambuf<char,struct std::char_traits<char> >::sputc(char)" (?sputc@?$basic_streambuf@DU?$char_traits@D@std@@@std@@QEAAHD@Z) already defined in libcpmt.lib(locale.obj)
msvcprt.lib(MSVCP140.dll) : error LNK2005: "protected: char * __cdecl std::basic_streambuf<char,struct std::char_traits<char> >::_Pninc(void)" (?_Pninc@?$basic_streambuf@DU?$char_traits@D@std@@@std@@IEAAPEADXZ) already defined in libcpmt.lib(locale.obj)
msvcprt.lib(MSVCP140.dll) : error LNK2005: "public: virtual __cdecl std::basic_ios<char,struct std::char_traits<char> >::~basic_ios<char,struct std::char_traits<char> >(void)" (??1?$basic_ios@DU?$char_traits@D@std@@@std@@UEAA@XZ) already defined in gtest_prod_test.obj
msvcprt.lib(MSVCP140.dll) : error LNK2005: "public: char __cdecl std::basic_ios<char,struct std::char_traits<char> >::widen(char)const " (?widen@?$basic_ios@DU?$char_traits@D@std@@@std@@QEBADD@Z) already defined in gtest_prod_test.obj
msvcprt.lib(MSVCP140.dll) : error LNK2005: "public: void __cdecl std::basic_ostream<char,struct std::char_traits<char> >::_Osfx(void)" (?_Osfx@?$basic_ostream@DU?$char_traits@D@std@@@std@@QEAAXXZ) already defined in gtest_prod_test.obj
msvcprt.lib(MSVCP140.dll) : error LNK2005: "public: class std::basic_ostream<char,struct std::char_traits<char> > & __cdecl std::basic_ostream<char,struct std::char_traits<char> >::operator<<(int)" (??6?$basic_ostream@DU?$char_traits@D@std@@@std@@QEAAAEAV01@H@Z) already defined in gtest_prod_test.obj
msvcprt.lib(MSVCP140.dll) : error LNK2005: "public: class std::basic_ostream<char,struct std::char_traits<char> > & __cdecl std::basic_ostream<char,struct std::char_traits<char> >::flush(void)" (?flush@?$basic_ostream@DU?$char_traits@D@std@@@std@@QEAAAEAV12@XZ) already defined in gtest_prod_test.obj
msvcprt.lib(MSVCP140.dll) : error LNK2005: "public: __cdecl std::basic_iostream<char,struct std::char_traits<char> >::basic_iostream<char,struct std::char_traits<char> >(class std::basic_streambuf<char,struct std::char_traits<char> > *)" (??0?$basic_iostream@DU?$char_traits@D@std@@@std@@QEAA@PEAV?$basic_streambuf@DU?$char_traits@D@std@@@1@@Z) already defined in gtest_prod_test.obj
msvcprt.lib(MSVCP140.dll) : error LNK2005: "public: virtual __cdecl std::basic_iostream<char,struct std::char_traits<char> >::~basic_iostream<char,struct std::char_traits<char> >(void)" (??1?$basic_iostream@DU?$char_traits@D@std@@@std@@UEAA@XZ) already defined in gtest_prod_test.obj
gtest_main.lib(gtest_main.obj) : error LNK2038: mismatch detected for 'RuntimeLibrary': value 'MD_DynamicRelease' doesn't match value 'MT_StaticRelease' in gtest_prod_test.obj
LINK : warning LNK4098: defaultlib 'MSVCRT' conflicts with use of other libs; use /NODEFAULTLIB:library
gtest.lib(gtest-all.obj) : warning LNK4217: locally defined symbol _invalid_parameter_noinfo_noreturn imported in function "public: class testing::AssertionResult & __cdecl testing::AssertionResult::operator<<<wchar_t const *>(wchar_t const * const &)" (??$?6PEB_W@AssertionResult@testing@@QEAAAEAV01@AEBQEB_W@Z)
gtest.lib(gtest-all.obj) : warning LNK4217: locally defined symbol calloc imported in function "protected: void __cdecl std::time_get<char,class std::istreambuf_iterator<char,struct std::char_traits<char> > >::_Getvals<wchar_t>(wchar_t,class std::_Locinfo const &)" (??$_Getvals@_W@?$time_get@DV?$istreambuf_iterator@DU?$char_traits@D@std@@@std@@@std@@IEAAX_WAEBV_Locinfo@1@@Z)
gtest_main.lib(gtest_main.obj) : warning LNK4049: locally defined symbol calloc imported
gtest.lib(gtest-all.obj) : warning LNK4217: locally defined symbol free imported in function "public: __cdecl testing::internal::RE::~RE(void)" (??1RE@internal@testing@@QEAA@XZ)
gtest.lib(gtest-all.obj) : warning LNK4217: locally defined symbol malloc imported in function "private: void __cdecl testing::internal::RE::Init(char const *)" (?Init@RE@internal@testing@@AEAAXPEBD@Z)
gtest.lib(gtest-all.obj) : warning LNK4217: locally defined symbol _errno imported in function "bool __cdecl testing::internal::ParseNaturalNumber<int>(class std::basic_string<char,struct std::char_traits<char>,class std::allocator<char> > const &,int *)" (??$ParseNaturalNumber@H@internal@testing@@YA_NAEBV?$basic_string@DU?$char_traits@D@std@@V?$allocator@D@2@@std@@PEAH@Z)
gtest.lib(gtest-all.obj) : warning LNK4217: locally defined symbol exit imported in function "public: int __cdecl testing::internal::UnitTestImpl::FilterTests(enum testing::internal::UnitTestImpl::ReactionToSharding)" (?FilterTests@UnitTestImpl@internal@testing@@QEAAHW4ReactionToSharding@123@@Z)
gtest.lib(gtest-all.obj) : warning LNK4217: locally defined symbol _exit imported in function "protected: virtual void __cdecl testing::internal::DeathTestImpl::Abort(enum testing::internal::DeathTest::AbortReason)" (?Abort@DeathTestImpl@internal@testing@@MEAAXW4AbortReason@DeathTest@23@@Z)
gtest.lib(gtest-all.obj) : warning LNK4217: locally defined symbol abort imported in function "void __cdecl testing::internal::posix::Abort(void)" (?Abort@posix@internal@testing@@YAXXZ)
gtest.lib(gtest-all.obj) : warning LNK4217: locally defined symbol _set_abort_behavior imported in function "public: int __cdecl testing::UnitTest::Run(void)" (?Run@UnitTest@testing@@QEAAHXZ)
gtest.lib(gtest-all.obj) : warning LNK4217: locally defined symbol _set_error_mode imported in function "public: int __cdecl testing::UnitTest::Run(void)" (?Run@UnitTest@testing@@QEAAHXZ)
gtest.lib(gtest-all.obj) : warning LNK4217: locally defined symbol strtol imported in function "bool __cdecl testing::internal::ParseInt32(class testing::Message const &,char const *,int *)" (?ParseInt32@internal@testing@@YA_NAEBVMessage@2@PEBDPEAH@Z)
gtest.lib(gtest-all.obj) : warning LNK4217: locally defined symbol _strtoui64 imported in function "bool __cdecl testing::internal::ParseNaturalNumber<int>(class std::basic_string<char,struct std::char_traits<char>,class std::allocator<char> > const &,int *)" (??$ParseNaturalNumber@H@internal@testing@@YA_NAEBV?$basic_string@DU?$char_traits@D@std@@V?$allocator@D@2@@std@@PEAH@Z)
gtest.lib(gtest-all.obj) : warning LNK4217: locally defined symbol getenv imported in function "void __cdecl testing::`dynamic initializer for 'FLAGS_gtest_color''(void)" (??__EFLAGS_gtest_color@testing@@YAXXZ)
gtest.lib(gtest-all.obj) : warning LNK4217: locally defined symbol __acrt_iob_func imported in function "void __cdecl testing::internal::ShuffleRange<int>(class testing::internal::Random *,int,int,class std::vector<int,class std::allocator<int> > *)" (??$ShuffleRange@H@internal@testing@@YAXPEAVRandom@01@HHPEAV?$vector@HV?$allocator@H@std@@@std@@@Z)
gtest_main.lib(gtest_main.obj) : warning LNK4049: locally defined symbol __acrt_iob_func imported
gtest.lib(gtest-all.obj) : warning LNK4217: locally defined symbol _wcsicmp imported in function "public: static bool __cdecl testing::internal::String::CaseInsensitiveWideCStringEquals(wchar_t const *,wchar_t const *)" (?CaseInsensitiveWideCStringEquals@String@internal@testing@@SA_NPEB_W0@Z)
gtest.lib(gtest-all.obj) : warning LNK4217: locally defined symbol fclose imported in function "class std::basic_string<char,struct std::char_traits<char>,class std::allocator<char> > __cdecl testing::internal::GetCapturedStream(class testing::internal::CapturedStream * *)" (?GetCapturedStream@internal@testing@@YA?AV?$basic_string@DU?$char_traits@D@std@@V?$allocator@D@2@@std@@PEAPEAVCapturedStream@12@@Z)
gtest.lib(gtest-all.obj) : warning LNK4217: locally defined symbol fflush imported in function "void __cdecl testing::internal::ShuffleRange<int>(class testing::internal::Random *,int,int,class std::vector<int,class std::allocator<int> > *)" (??$ShuffleRange@H@internal@testing@@YAXPEAVRandom@01@HHPEAV?$vector@HV?$allocator@H@std@@@std@@@Z)
gtest.lib(gtest-all.obj) : warning LNK4217: locally defined symbol _fileno imported in function "void __cdecl testing::internal::ColoredPrintf(enum testing::internal::GTestColor,char const *,...)" (?ColoredPrintf@internal@testing@@YAXW4GTestColor@12@PEBDZZ)
gtest.lib(gtest-all.obj) : warning LNK4217: locally defined symbol fputc imported in function "void __cdecl testing::internal::DeathTestAbort(class std::basic_string<char,struct std::char_traits<char>,class std::allocator<char> > const &)" (?DeathTestAbort@internal@testing@@YAXAEBV?$basic_string@DU?$char_traits@D@std@@V?$allocator@D@2@@std@@@Z)
gtest.lib(gtest-all.obj) : warning LNK4217: locally defined symbol __stdio_common_vfprintf imported in function "void __cdecl testing::internal::ColoredPrintf(enum testing::internal::GTestColor,char const *,...)" (?ColoredPrintf@internal@testing@@YAXW4GTestColor@12@PEBDZZ)
gtest_main.lib(gtest_main.obj) : warning LNK4049: locally defined symbol __stdio_common_vfprintf imported
gtest.lib(gtest-all.obj) : warning LNK4217: locally defined symbol __stdio_common_vsnprintf_s imported in function _snprintf_s
gtest.lib(gtest-all.obj) : warning LNK4217: locally defined symbol strncmp imported in function "bool __cdecl testing::internal::HasGoogleTestFlagPrefix(char const *)" (?HasGoogleTestFlagPrefix@internal@testing@@YA_NPEBD@Z)
gtest.lib(gtest-all.obj) : warning LNK4217: locally defined symbol isdigit imported in function "bool __cdecl testing::internal::ParseNaturalNumber<int>(class std::basic_string<char,struct std::char_traits<char>,class std::allocator<char> > const &,int *)" (??$ParseNaturalNumber@H@internal@testing@@YA_NAEBV?$basic_string@DU?$char_traits@D@std@@V?$allocator@D@2@@std@@PEAH@Z)
gtest.lib(gtest-all.obj) : warning LNK4217: locally defined symbol isxdigit imported in function "enum testing::internal::CharFormat __cdecl testing::internal::PrintCharsAsStringTo<char>(char const *,unsigned __int64,class std::basic_ostream<char,struct std::char_traits<char> > *)" (??$PrintCharsAsStringTo@D@internal@testing@@YA?AW4CharFormat@01@PEBD_KPEAV?$basic_ostream@DU?$char_traits@D@std@@@std@@@Z)
gtest.lib(gtest-all.obj) : warning LNK4217: locally defined symbol isspace imported in function "class testing::AssertionResult __cdecl testing::internal::`anonymous namespace'::HRESULTFailureHelper(char const *,char const *,long)" (?HRESULTFailureHelper@?A0x0b275abe@internal@testing@@YA?AVAssertionResult@3@PEBD0J@Z)
gtest.lib(gtest-all.obj) : warning LNK4217: locally defined symbol iscntrl imported in function "void __cdecl testing::internal::`anonymous namespace'::ConditionalPrintAsText(char const *,unsigned __int64,class std::basic_ostream<char,struct std::char_traits<char> > *)" (?ConditionalPrintAsText@?A0x0b275abe@internal@testing@@YAXPEBD_KPEAV?$basic_ostream@DU?$char_traits@D@std@@@std@@@Z)
gtest.lib(gtest-all.obj) : warning LNK4217: locally defined symbol toupper imported in function "class std::basic_string<char,struct std::char_traits<char>,class std::allocator<char> > __cdecl testing::internal::FlagToEnvVar(char const *)" (?FlagToEnvVar@internal@testing@@YA?AV?$basic_string@DU?$char_traits@D@std@@V?$allocator@D@2@@std@@PEBD@Z)
gtest.lib(gtest-all.obj) : warning LNK4217: locally defined symbol _isatty imported in function "void __cdecl testing::internal::ColoredPrintf(enum testing::internal::GTestColor,char const *,...)" (?ColoredPrintf@internal@testing@@YAXW4GTestColor@12@PEBDZZ)
gtest.lib(gtest-all.obj) : warning LNK4217: locally defined symbol _open_osfhandle imported in function "public: virtual enum testing::internal::DeathTest::TestRole __cdecl testing::internal::WindowsDeathTest::AssumeRole(void)" (?AssumeRole@WindowsDeathTest@internal@testing@@UEAA?AW4TestRole@DeathTest@23@XZ)
OLDNAMES.lib(close.obi) : warning LNK4049: locally defined symbol _close imported
OLDNAMES.lib(write.obi) : warning LNK4049: locally defined symbol _write imported
gtest.lib(gtest-all.obj) : error LNK2019: unresolved external symbol __imp__stat64i32 referenced in function "public: bool __cdecl testing::internal::FilePath::DirectoryExists(void)const " (?DirectoryExists@FilePath@internal@testing@@QEBA_NXZ)
gtest.lib(gtest-all.obj) : error LNK2019: unresolved external symbol __imp_fopen referenced in function "class std::basic_string<char,struct std::char_traits<char>,class std::allocator<char> > __cdecl testing::internal::GetCapturedStream(class testing::internal::CapturedStream * *)" (?GetCapturedStream@internal@testing@@YA?AV?$basic_string@DU?$char_traits@D@std@@V?$allocator@D@2@@std@@PEAPEAVCapturedStream@12@@Z)
gtest.lib(gtest-all.obj) : error LNK2019: unresolved external symbol __imp_fread referenced in function "class std::basic_string<char,struct std::char_traits<char>,class std::allocator<char> > __cdecl testing::internal::ReadEntireFile(struct _iobuf *)" (?ReadEntireFile@internal@testing@@YA?AV?$basic_string@DU?$char_traits@D@std@@V?$allocator@D@2@@std@@PEAU_iobuf@@@Z)
gtest.lib(gtest-all.obj) : error LNK2019: unresolved external symbol __imp_fseek referenced in function "unsigned __int64 __cdecl testing::internal::GetFileSize(struct _iobuf *)" (?GetFileSize@internal@testing@@YA_KPEAU_iobuf@@@Z)
gtest.lib(gtest-all.obj) : error LNK2019: unresolved external symbol __imp_ftell referenced in function "unsigned __int64 __cdecl testing::internal::GetFileSize(struct _iobuf *)" (?GetFileSize@internal@testing@@YA_KPEAU_iobuf@@@Z)
gtest.lib(gtest-all.obj) : error LNK2019: unresolved external symbol __imp_fwrite referenced in function "public: int __cdecl testing::UnitTest::Run(void)" (?Run@UnitTest@testing@@QEAAHXZ)
gtest.lib(gtest-all.obj) : error LNK2019: unresolved external symbol __imp_remove referenced in function "public: __cdecl testing::internal::ScopedPrematureExitFile::~ScopedPrematureExitFile(void)" (??1ScopedPrematureExitFile@internal@testing@@QEAA@XZ)
gtest.lib(gtest-all.obj) : error LNK2019: unresolved external symbol __imp_fdopen referenced in function "struct _iobuf * __cdecl testing::internal::posix::FDOpen(int,char const *)" (?FDOpen@posix@internal@testing@@YAPEAU_iobuf@@HPEBD@Z)
OLDNAMES.lib(fdopen.obi) : error LNK2001: unresolved external symbol __imp_fdopen
gtest.lib(gtest-all.obj) : error LNK2019: unresolved external symbol __imp__strdup referenced in function "private: void __cdecl testing::internal::RE::Init(char const *)" (?Init@RE@internal@testing@@AEAAXPEBD@Z)
gtest.lib(gtest-all.obj) : error LNK2019: unresolved external symbol __imp_strerror referenced in function "void __cdecl testing::internal::FailFromInternalError(int)" (?FailFromInternalError@internal@testing@@YAXH@Z)
gtest.lib(gtest-all.obj) : error LNK2019: unresolved external symbol __imp__stricmp referenced in function "public: static bool __cdecl testing::internal::String::CaseInsensitiveCStringEquals(char const *,char const *)" (?CaseInsensitiveCStringEquals@String@internal@testing@@SA_NPEBD0@Z)
gtest.lib(gtest-all.obj) : error LNK2019: unresolved external symbol __imp__getcwd referenced in function "public: void __cdecl testing::internal::UnitTestImpl::AddTestInfo(void (__cdecl*)(void),void (__cdecl*)(void),class testing::TestInfo *)" (?AddTestInfo@UnitTestImpl@internal@testing@@QEAAXP6AXXZ0PEAVTestInfo@3@@Z)
gtest.lib(gtest-all.obj) : error LNK2019: unresolved external symbol __imp__mkdir referenced in function "public: bool __cdecl testing::internal::FilePath::CreateDirectoriesRecursively(void)const " (?CreateDirectoriesRecursively@FilePath@internal@testing@@QEBA_NXZ)
gtest.lib(gtest-all.obj) : error LNK2019: unresolved external symbol __imp_close referenced in function "public: __cdecl testing::internal::CapturedStream::CapturedStream(int)" (??0CapturedStream@internal@testing@@QEAA@H@Z)
OLDNAMES.lib(close.obi) : error LNK2001: unresolved external symbol __imp_close
gtest.lib(gtest-all.obj) : error LNK2019: unresolved external symbol __imp_creat referenced in function "public: __cdecl testing::internal::CapturedStream::CapturedStream(int)" (??0CapturedStream@internal@testing@@QEAA@H@Z)
OLDNAMES.lib(creat.obi) : error LNK2001: unresolved external symbol __imp_creat
gtest.lib(gtest-all.obj) : error LNK2019: unresolved external symbol __imp_dup referenced in function "public: __cdecl testing::internal::CapturedStream::CapturedStream(int)" (??0CapturedStream@internal@testing@@QEAA@H@Z)
OLDNAMES.lib(dup.obi) : error LNK2001: unresolved external symbol __imp_dup
gtest.lib(gtest-all.obj) : error LNK2019: unresolved external symbol __imp_dup2 referenced in function "public: __cdecl testing::internal::CapturedStream::CapturedStream(int)" (??0CapturedStream@internal@testing@@QEAA@H@Z)
OLDNAMES.lib(dup2.obi) : error LNK2001: unresolved external symbol __imp_dup2
gtest.lib(gtest-all.obj) : error LNK2019: unresolved external symbol __imp_read referenced in function "void __cdecl testing::internal::FailFromInternalError(int)" (?FailFromInternalError@internal@testing@@YAXH@Z)
OLDNAMES.lib(read.obi) : error LNK2001: unresolved external symbol __imp_read
gtest.lib(gtest-all.obj) : error LNK2019: unresolved external symbol __imp_write referenced in function "protected: virtual void __cdecl testing::internal::DeathTestImpl::Abort(enum testing::internal::DeathTest::AbortReason)" (?Abort@DeathTestImpl@internal@testing@@MEAAXW4AbortReason@DeathTest@23@@Z)
OLDNAMES.lib(write.obi) : error LNK2001: unresolved external symbol __imp_write
gtest.lib(gtest-all.obj) : error LNK2019: unresolved external symbol __imp__localtime64_s referenced in function "class std::basic_string<char,struct std::char_traits<char>,class std::allocator<char> > __cdecl testing::internal::FormatEpochTimeInMillisAsIso8601(__int64)" (?FormatEpochTimeInMillisAsIso8601@internal@testing@@YA?AV?$basic_string@DU?$char_traits@D@std@@V?$allocator@D@2@@std@@_J@Z)
gtest.lib(gtest-all.obj) : error LNK2019: unresolved external symbol __imp__ftime64 referenced in function "__int64 __cdecl testing::internal::GetTimeInMillis(void)" (?GetTimeInMillis@internal@testing@@YA_JXZ)
OLDNAMES.lib(fdopen.obi) : error LNK2001: unresolved external symbol __imp__fdopen
OLDNAMES.lib(creat.obi) : error LNK2001: unresolved external symbol __imp__creat
OLDNAMES.lib(dup.obi) : error LNK2001: unresolved external symbol __imp__dup
OLDNAMES.lib(dup2.obi) : error LNK2001: unresolved external symbol __imp__dup2
OLDNAMES.lib(read.obi) : error LNK2001: unresolved external symbol __imp__read
C:\Development\googletest\msvc\2017\gtest\x64-Release\gtest_prod_test.exe : fatal error LNK1120: 26 unresolved externals
